<?xml version="1.0" encoding="UTF-8"?>
<testsuite xmlns:xsi="http://www.w3.org/2001/XMLSchema-instance" xsi:noNamespaceSchemaLocation="https://maven.apache.org/surefire/maven-surefire-plugin/xsd/surefire-test-report-3.0.xsd" version="3.0" name="org.apache.avro.io.TestEncodeInt" time="0.045" tests="8" errors="0" skipped="0" failures="0">
  <properties>
[...]
</properties>
  <testcase name="test[0]" classname="org.apache.avro.io.TestEncodeInt" time="0.045"/>
  <testcase name="test[3]" classname="org.apache.avro.io.TestEncodeInt" time="0.043"/>
  <testcase name="test[1]" classname="org.apache.avro.io.TestEncodeInt" time="0.043"/>
  <testcase name="test[2]" classname="org.apache.avro.io.TestEncodeInt" time="0.043"/>
  <testcase name="test[7]" classname="org.apache.avro.io.TestEncodeInt" time="0.041"/>
  <testcase name="test[4]" classname="org.apache.avro.io.TestEncodeInt" time="0.041"/>
  <testcase name="test[5]" classname="org.apache.avro.io.TestEncodeInt" time="0.04"/>
  <testcase name="test[6]" classname="org.apache.avro.io.TestEncodeInt" time="0.036"/>
</testsuite>